=========================
Go - quick sort - 624K
=========================

real	0m0.434s
user	0m0.140s
sys	0m0.300s

real	0m0.411s -
user	0m0.124s
sys	0m0.296s

real	0m0.457s
user	0m0.120s
sys	0m0.344s

real	0m0.483s - 
user	0m0.176s
sys	0m0.324s

real	0m0.469s
user	0m0.124s
sys	0m0.352s

real	0m0.461s
user	0m0.112s
sys	0m0.352s

real	0m0.481s
user	0m0.184s
sys	0m0.308s

real	0m0.460s
user	0m0.108s
sys	0m0.360s

real	0m0.439s
user	0m0.168s
sys	0m0.272s

real	0m0.462s
user	0m0.136s
sys	0m0.336s

=========================
CO0 - quick sort - 400K
=========================

real	0m0.328s 
user	0m0.248s
sys	0m0.088s

real	0m0.356s
user	0m0.284s
sys	0m0.072s

real	0m0.303s
user	0m0.236s
sys	0m0.064s

real	0m0.302s -
user	0m0.232s
sys	0m0.076s

real	0m0.341s
user	0m0.256s
sys	0m0.092s

real	0m0.369s
user	0m0.324s
sys	0m0.044s

real	0m0.347s
user	0m0.268s
sys	0m0.080s

real	0m0.347s
user	0m0.288s
sys	0m0.064s

real	0m0.372s
user	0m0.296s
sys	0m0.076s

real	0m0.380s -
user	0m0.312s
sys	0m0.072s

=========================
CO3 - quick sort - 400K
=========================

real	0m0.047s
user	0m0.024s
sys	0m0.028s

real	0m0.059s
user	0m0.032s
sys	0m0.028s

real	0m0.052s
user	0m0.032s
sys	0m0.024s

real	0m0.062s
user	0m0.028s
sys	0m0.032s

real	0m0.077s
user	0m0.024s
sys	0m0.064s

real	0m0.023s
user	0m0.012s
sys	0m0.008s

real	0m0.035s
user	0m0.008s
sys	0m0.024s

real	0m0.060s
user	0m0.036s
sys	0m0.028s

real	0m0.046s
user	0m0.020s
sys	0m0.028s

real	0m0.056s
user	0m0.024s
sys	0m0.032s

=========================
PyPy - quick sort
=========================

real	0m1.803s
user	0m1.076s
sys	0m0.720s

real	0m1.796s
user	0m1.036s
sys	0m0.756s

real	0m1.716s
user	0m1.236s
sys	0m0.480s

real	0m1.861s
user	0m1.308s
sys	0m0.548s

real	0m1.681s
user	0m1.148s
sys	0m0.532s

real	0m1.793s
user	0m1.156s
sys	0m0.616s

real	0m1.722s
user	0m1.100s
sys	0m0.620s

real	0m1.696s
user	0m0.864s
sys	0m0.828s

real	0m1.747s
user	0m1.224s
sys	0m0.520s

real	0m1.800s
user	0m1.284s
sys	0m0.504s


=========================
Go - insertion sort - 272K
=========================

real	0m0.121s
user	0m0.108s
sys	0m0.012s

real	0m0.164s
user	0m0.132s
sys	0m0.032s

real	0m0.147s
user	0m0.112s
sys	0m0.036s

real	0m0.115s
user	0m0.108s
sys	0m0.008s

real	0m0.138s
user	0m0.116s
sys	0m0.024s

real	0m0.134s
user	0m0.116s
sys	0m0.024s

real	0m0.155s
user	0m0.128s
sys	0m0.024s

real	0m0.133s
user	0m0.108s
sys	0m0.028s

real	0m0.146s
user	0m0.108s
sys	0m0.036s

real	0m0.133s
user	0m0.112s
sys	0m0.028s

=========================
CO0 - insertion sort - 48K
=========================

real	0m0.121s
user	0m0.108s
sys	0m0.012s

real	0m0.125s
user	0m0.120s
sys	0m0.008s

real	0m0.139s
user	0m0.116s
sys	0m0.024s

real	0m0.122s
user	0m0.096s
sys	0m0.028s

real	0m0.145s
user	0m0.104s
sys	0m0.044s

real	0m0.118s
user	0m0.104s
sys	0m0.024s

real	0m0.118s
user	0m0.100s
sys	0m0.020s

real	0m0.144s
user	0m0.120s
sys	0m0.024s

real	0m0.127s
user	0m0.112s
sys	0m0.012s

real	0m0.119s
user	0m0.096s
sys	0m0.028s

=========================
CO3- insertion sort - 48K
=========================

real	0m0.059s
user	0m0.040s
sys	0m0.016s

real	0m0.046s
user	0m0.032s
sys	0m0.012s

real	0m0.047s
user	0m0.040s
sys	0m0.008s

real	0m0.058s
user	0m0.032s
sys	0m0.028s

real	0m0.066s
user	0m0.052s
sys	0m0.012s

real	0m0.080s
user	0m0.056s
sys	0m0.024s

real	0m0.060s
user	0m0.040s
sys	0m0.028s

real	0m0.065s
user	0m0.048s
sys	0m0.016s

real	0m0.052s
user	0m0.040s
sys	0m0.012s

real	0m0.052s
user	0m0.044s
sys	0m0.012s

=========================
PyPy- insertion sort 
=========================

real	0m0.390s
user	0m0.216s
sys	0m0.172s

real	0m0.438s
user	0m0.168s
sys	0m0.268s

real	0m0.367s
user	0m0.212s
sys	0m0.156s

real	0m0.390s
user	0m0.144s
sys	0m0.248s

real	0m0.389s
user	0m0.180s
sys	0m0.212s

real	0m0.435s
user	0m0.204s
sys	0m0.220s

real	0m0.365s
user	0m0.204s
sys	0m0.164s

real	0m0.393s
user	0m0.196s
sys	0m0.192s

real	0m0.386s
user	0m0.204s
sys	0m0.180s

real	0m0.401s
user	0m0.192s
sys	0m0.212s

=========================
Go- selection sort 
=========================

real	0m0.236s
user	0m0.216s
sys	0m0.024s

real	0m0.221s
user	0m0.204s
sys	0m0.016s

real	0m0.228s
user	0m0.212s
sys	0m0.020s

real	0m0.252s
user	0m0.224s
sys	0m0.024s

real	0m0.223s
user	0m0.204s
sys	0m0.020s

real	0m0.227s
user	0m0.200s
sys	0m0.028s

real	0m0.233s
user	0m0.200s
sys	0m0.036s

real	0m0.221s
user	0m0.208s
sys	0m0.016s

real	0m0.241s
user	0m0.204s
sys	0m0.032s

real	0m0.258s
user	0m0.220s
sys	0m0.040s

=========================
CO0- selection sort - 48K
=========================
real	0m0.213s
user	0m0.188s
sys	0m0.028s

real	0m0.193s
user	0m0.180s
sys	0m0.016s

real	0m0.201s
user	0m0.180s
sys	0m0.020s

real	0m0.208s
user	0m0.188s
sys	0m0.020s

real	0m0.210s
user	0m0.184s
sys	0m0.028s

real	0m0.204s
user	0m0.188s
sys	0m0.020s

real	0m0.212s
user	0m0.188s
sys	0m0.028s

real	0m0.182s
user	0m0.180s
sys	0m0.004s

real	0m0.178s
user	0m0.172s
sys	0m0.008s

real	0m0.224s
user	0m0.200s
sys	0m0.024s

=========================
CO3- selection sort - 48K
=========================

real	0m0.132s
user	0m0.108s
sys	0m0.032s

real	0m0.145s
user	0m0.116s
sys	0m0.020s

real	0m0.108s
user	0m0.100s
sys	0m0.012s

real	0m0.113s
user	0m0.096s
sys	0m0.016s

real	0m0.146s
user	0m0.120s
sys	0m0.024s

real	0m0.129s
user	0m0.112s
sys	0m0.024s

real	0m0.147s
user	0m0.124s
sys	0m0.024s

real	0m0.123s
user	0m0.112s
sys	0m0.012s

real	0m0.122s
user	0m0.108s
sys	0m0.016s

real	0m0.136s
user	0m0.120s
sys	0m0.020s

=========================
PyPy- selection sort 
=========================
real	0m0.474s
user	0m0.352s
sys	0m0.116s

real	0m0.437s
user	0m0.240s
sys	0m0.196s

real	0m0.483s
user	0m0.348s
sys	0m0.128s

real	0m0.482s
user	0m0.328s
sys	0m0.152s

real	0m0.446s
user	0m0.336s
sys	0m0.112s

real	0m0.464s
user	0m0.340s
sys	0m0.112s

real	0m0.441s
user	0m0.296s
sys	0m0.144s

real	0m0.412s
user	0m0.288s
sys	0m0.124s

real	0m0.450s
user	0m0.312s
sys	0m0.132s

real	0m0.406s
user	0m0.288s
sys	0m0.116s

=========================
Go - shell sort - 272K
=========================
real	0m0.039s
user	0m0.012s
sys	0m0.024s

real	0m0.027s
user	0m0.004s
sys	0m0.028s

real	0m0.022s
user	0m0.008s
sys	0m0.016s

real	0m0.034s
user	0m0.012s
sys	0m0.024s

real	0m0.028s
user	0m0.012s
sys	0m0.016s

real	0m0.037s
user	0m0.000s
sys	0m0.036s

real	0m0.039s
user	0m0.008s
sys	0m0.036s

real	0m0.042s
user	0m0.004s
sys	0m0.040s

real	0m0.025s
user	0m0.012s
sys	0m0.008s

real	0m0.024s
user	0m0.008s
sys	0m0.012s

=========================
CO0 - shell sort - 48K
=========================
real	0m0.030s
user	0m0.008s
sys	0m0.024s

real	0m0.038s
user	0m0.008s
sys	0m0.028s

real	0m0.033s
user	0m0.008s
sys	0m0.024s

real	0m0.037s
user	0m0.008s
sys	0m0.032s

real	0m0.034s
user	0m0.012s
sys	0m0.028s

real	0m0.030s
user	0m0.008s
sys	0m0.024s

real	0m0.033s
user	0m0.008s
sys	0m0.028s

real	0m0.032s
user	0m0.008s
sys	0m0.024s

real	0m0.036s
user	0m0.004s
sys	0m0.036s

real	0m0.035s
user	0m0.012s
sys	0m0.028s

=========================
CO3 - shell sort - 48K
=========================

real	0m0.026s
user	0m0.004s
sys	0m0.024s

real	0m0.032s
user	0m0.000s
sys	0m0.032s

real	0m0.026s
user	0m0.004s
sys	0m0.024s

real	0m0.031s
user	0m0.004s
sys	0m0.028s

real	0m0.028s
user	0m0.008s
sys	0m0.016s

real	0m0.028s
user	0m0.000s
sys	0m0.032s

real	0m0.035s
user	0m0.008s
sys	0m0.036s

real	0m0.027s
user	0m0.004s
sys	0m0.028s

real	0m0.023s
user	0m0.000s
sys	0m0.024s

real	0m0.025s
user	0m0.004s
sys	0m0.024s

=========================
PyPy - shell sort
=========================
real	0m0.289s
user	0m0.148s
sys	0m0.148s

real	0m0.283s
user	0m0.116s
sys	0m0.172s

real	0m0.299s
user	0m0.136s
sys	0m0.164s

real	0m0.295s
user	0m0.120s
sys	0m0.180s

real	0m0.288s
user	0m0.128s
sys	0m0.168s

real	0m0.308s
user	0m0.124s
sys	0m0.184s

real	0m0.295s
user	0m0.112s
sys	0m0.188s

real	0m0.292s
user	0m0.128s
sys	0m0.164s

real	0m0.305s
user	0m0.160s
sys	0m0.148s

real	0m0.293s
user	0m0.120s
sys	0m0.176s